0.000000 
 62.564313 
 1.000000 
 0.000000 
 2.743747 
 59.820566 
10.000000 
 59.969648 
 0.043266 
 0.319659 
 0.533128 
 59.116860 
20.000000 
 59.284650 
 0.011554 
 0.438707 
 0.402672 
 58.443271 
30.000000 
 58.682041 
 0.010269 
 0.514598 
 0.375135 
 57.792308 
40.000000 
 58.116363 
 0.009734 
 0.585417 
 0.367645 
 57.163302 
50.000000 
 57.582350 
 0.009274 
 0.656200 
 0.369375 
 56.556775 
60.000000 
 57.077714 
 0.008841 
 0.727208 
 0.376906 
 55.973600 
70.000000 
 56.600848 
 0.008425 
 0.797579 
 0.388434 
 55.414835 
80.000000 
 56.150441 
 0.008021 
 0.866059 
 0.402699 
 54.881683 
90.000000 
 55.725382 
 0.007628 
 0.931228 
 0.418686 
 54.375468 
100.000000 
 55.324758 
 0.007241 
 0.991595 
 0.435531 
 53.897632 
110.000000 
 54.947881 
 0.006859 
 1.045667 
 0.452500 
 53.449715 
120.000000 
 54.594352 
 0.006476 
 1.092010 
 0.468997 
 53.033345 
130.000000 
 54.264114 
 0.006086 
 1.129311 
 0.484584 
 52.650219 
140.000000 
 53.957530 
 0.005682 
 1.156443 
 0.499014 
 52.302073 
150.000000 
 53.675443 
 0.005255 
 1.172527 
 0.512259 
 51.990657 
160.000000 
 53.419221 
 0.004796 
 1.176999 
 0.524536 
 51.717686 
170.000000 
 53.190791 
 0.004295 
 1.169664 
 0.536325 
 51.484802 
180.000000 
 52.992741 
 0.003737 
 1.150849 
 0.548388 
 51.293504 
190.000000 
 52.828520 
 0.003109 
 1.121558 
 0.561870 
 51.145092 
200.000000 
 52.705516 
 0.002334 
 1.084832 
 0.580100 
 51.040584 
210.000000 
 52.515146 
 0.003625 
 1.088513 
 0.594508 
 50.832126 
220.000000 
 52.277906 
 0.004538 
 1.111543 
 0.613385 
 50.552978 
230.000000 
 52.068497 
 0.004022 
 1.123627 
 0.632529 
 50.312341 
240.000000 
 51.888594 
 0.003467 
 1.124775 
 0.652393 
 50.111427 
250.000000 
 51.740433 
 0.002864 
 1.115330 
 0.673589 
 49.951513 
260.000000 
 51.626698 
 0.002203 
 1.095838 
 0.697105 
 49.833755 
270.000000 
 51.519397 
 0.002083 
 1.084725 
 0.718517 
 49.716156 
280.000000 
 51.289517 
 0.004482 
 1.117142 
 0.737940 
 49.434434 
290.000000 
 51.086750 
 0.003969 
 1.139245 
 0.758359 
 49.189146 
300.000000 
 50.912702 
 0.003419 
 1.151211 
 0.780106 
 48.981386 
310.000000 
 50.769027 
 0.002830 
 1.152995 
 0.803550 
 48.812482 
320.000000 
 50.657737 
 0.002197 
 1.144811 
 0.829195 
 48.683730 
330.000000 
 50.582017 
 0.001497 
 1.127236 
 0.858511 
 48.596271 
340.000000 
 50.450164 
 0.002614 
 1.137092 
 0.878982 
 48.434091 
350.000000 
 50.247592 
 0.004031 
 1.166623 
 0.898452 
 48.182517 
360.000000 
 50.072886 
 0.003489 
 1.186628 
 0.919777 
 47.966481 
370.000000 
 49.927509 
 0.002912 
 1.197075 
 0.943206 
 47.787228 
380.000000 
 49.813259 
 0.002294 
 1.198027 
 0.969119 
 47.646112 
390.000000 
 49.732061 
 0.001633 
 1.189616 
 0.998015 
 47.544430 
400.000000 
 49.688546 
 0.000876 
 1.173949 
 1.031290 
 47.483307 
410.000000 
 49.558621 
 0.002622 
 1.187131 
 1.050924 
 47.320566 
420.000000 
 49.378563 
 0.003646 
 1.214340 
 1.070281 
 47.093942 
430.000000 
 49.226903 
 0.003081 
 1.232544 
 1.092156 
 46.902203 
440.000000 
 49.105124 
 0.002480 
 1.241699 
 1.116791 
 46.746635 
450.000000 
 49.015145 
 0.001836 
 1.241969 
 1.144575 
 46.628601 
460.000000 
 48.959288 
 0.001141 
 1.233822 
 1.176072 
 46.549394 
470.000000 
 48.940118 
 0.000392 
 1.219792 
 1.208093 
 46.512233 
480.000000 
 48.753638 
 0.003825 
 1.252756 
 1.223739 
 46.277142 
490.000000 
 48.595573 
 0.003253 
 1.277038 
 1.243254 
 46.075281 
500.000000 
 48.466289 
 0.002667 
 1.292830 
 1.265794 
 45.907665 
510.000000 
 48.367256 
 0.002048 
 1.299992 
 1.291589 
 45.775675 
520.000000 
 48.300432 
 0.001384 
 1.298695 
 1.321033 
 45.680705 
530.000000 
 48.269403 
 0.000643 
 1.290345 
 1.355009 
 45.624049 
540.000000 
 48.173870 
 0.001983 
 1.302306 
 1.375819 
 45.495746 
550.000000 
 48.010749 
 0.003398 
 1.331637 
 1.392706 
 45.286406 
560.000000 
 47.875014 
 0.002835 
 1.352755 
 1.412771 
 45.109488 
570.000000 
 47.768235 
 0.002235 
 1.365695 
 1.436213 
 44.966327 
580.000000 
 47.692115 
 0.001596 
 1.370435 
 1.463317 
 44.858364 
590.000000 
 47.649321 
 0.000898 
 1.367350 
 1.494965 
 44.787006 
600.000000 
 47.620054 
 0.000615 
 1.362928 
 1.523113 
 44.734014 
610.000000 
 47.454622 
 0.003486 
 1.397461 
 1.537385 
 44.519776 
620.000000 
 47.314246 
 0.002967 
 1.422959 
 1.554994 
 44.336293 
630.000000 
 47.201425 
 0.002390 
 1.440634 
 1.576038 
 44.184754 
640.000000 
 47.117605 
 0.001779 
 1.450288 
 1.600704 
 44.066613 
650.000000 
 47.064618 
 0.001126 
 1.451959 
 1.629320 
 43.983338 
660.000000 
 47.045980 
 0.000396 
 1.447236 
 1.662414 
 43.936330 
670.000000 
 46.913323 
 0.002828 
 1.475766 
 1.674952 
 43.762605 
680.000000 
 46.770455 
 0.003055 
 1.505000 
 1.690355 
 43.575100 
690.000000 
 46.653595 
 0.002505 
 1.526631 
 1.709164 
 43.417799 
700.000000 
 46.564199 
 0.001920 
 1.540518 
 1.731540 
 43.292141 
710.000000 
 46.503949 
 0.001296 
 1.546597 
 1.757724 
 43.199628 
720.000000 
 46.475651 
 0.000609 
 1.545368 
 1.788549 
 43.141734 
730.000000 
 46.392430 
 0.001794 
 1.563216 
 1.806085 
 43.023128 
740.000000 
 46.248728 
 0.003107 
 1.596064 
 1.819503 
 42.833160 
750.000000 
 46.129264 
 0.002590 
 1.621267 
 1.836239 
 42.671758 
760.000000 
 46.035690 
 0.002033 
 1.638945 
 1.856437 
 42.540307 
770.000000 
 45.969541 
 0.001439 
 1.648921 
 1.880304 
 42.440315 
780.000000 
 45.933518 
 0.000784 
 1.651848 
 1.908369 
 42.373300 
790.000000 
 45.894225 
 0.000856 
 1.657660 
 1.931280 
 42.305285 
800.000000 
 45.751265 
 0.003125 
 1.694675 
 1.942761 
 42.113829 
810.000000 
 45.630293 
 0.002651 
 1.723272 
 1.957598 
 41.949423 
820.000000 
 45.533604 
 0.002123 
 1.744489 
 1.975767 
 41.813348 
830.000000 
 45.462749 
 0.001559 
 1.758212 
 1.997441 
 41.707095 
840.000000 
 45.420033 
 0.000940 
 1.764706 
 2.023128 
 41.632199 
850.000000 
 45.405367 
 0.000323 
 1.762599 
 2.052592 
 41.590176 
850.000000 
 45.405927 
 0.000012 
 1.762270 
 2.055820 
 41.587837 
860.000000 
 45.278644 
 0.002811 
 1.799991 
 2.060459 
 41.418194 
870.000000 
 45.157092 
 0.002692 
 1.831945 
 2.073601 
 41.251546 
880.000000 
 45.058167 
 0.002195 
 1.856558 
 2.089924 
 41.111685 
890.000000 
 44.983406 
 0.001662 
 1.873754 
 2.109588 
 41.000064 
900.000000 
 44.935000 
 0.001077 
 1.883770 
 2.133013 
 40.918216 
910.000000 
 44.913281 
 0.000484 
 1.885521 
 2.160070 
 40.867690 
920.000000 
 44.830594 
 0.001844 
 1.911458 
 2.173055 
 40.746081 
930.000000 
 44.709379 
 0.002711 
 1.946940 
 2.184695 
 40.577744 
940.000000 
 44.608992 
 0.002250 
 1.974899 
 2.199359 
 40.434734 
950.000000 
 44.531138 
 0.001748 
 1.995541 
 2.217155 
 40.318442 
960.000000 
 44.478470 
 0.001184 
 2.009686 
 2.238401 
 40.230383 
970.000000 
 44.449853 
 0.000644 
 2.014532 
 2.263207 
 40.172115 
980.000000 
 44.406143 
 0.000984 
 2.028498 
 2.281024 
 40.096621 
990.000000 
 44.286341 
 0.002705 
 2.068130 
 2.291214 
 39.926997 
1000.000000 
 44.185180 
 0.002289 
 2.099444 
 2.304395 
 39.781341 
1010.000000 
 44.104875 
 0.001821 
 2.123432 
 2.320500 
 39.660942 
1020.000000 
 44.046951 
 0.001315 
 2.139984 
 2.339687 
 39.567281 
1030.000000 
 44.013610 
 0.000758 
 2.149260 
 2.362445 
 39.501905 
1040.000000 
 43.979111 
 0.000784 
 2.161262 
 2.380634 
 39.437215 
1050.000000 
 43.861968 
 0.002671 
 2.204644 
 2.389691 
 39.267632 
1060.000000 
 43.761434 
 0.002297 
 2.238971 
 2.401779 
 39.120684 
1070.000000 
 43.680158 
 0.001861 
 2.266000 
 2.416569 
 38.997588 
1080.000000 
 43.619619 
 0.001388 
 2.285686 
 2.434147 
 38.899786 
1090.000000 
 43.581465 
 0.000875 
 2.297660 
 2.454999 
 38.828805 
1100.000000 
 43.566810 
 0.000336 
 2.301851 
 2.478740 
 38.786219 
1100.000000 
 43.566817 
 0.000000 
 2.301718 
 2.481516 
 38.783583 
1110.000000 
 43.464848 
 0.002346 
 2.345354 
 2.485145 
 38.634349 
1120.000000 
 43.365364 
 0.002294 
 2.383054 
 2.496251 
 38.486059 
1130.000000 
 43.283420 
 0.001893 
 2.413272 
 2.509850 
 38.360298 
1140.000000 
 43.220423 
 0.001458 
 2.435985 
 2.525997 
 38.258442 
1150.000000 
 43.178590 
 0.000969 
 2.451492 
 2.545119 
 38.181979 
1160.000000 
 43.158158 
 0.000473 
 2.458644 
 2.567053 
 38.132461 
1170.000000 
 43.102526 
 0.001291 
 2.485516 
 2.579204 
 38.037806 
1180.000000 
 43.004505 
 0.002279 
 2.527409 
 2.589298 
 37.887798 
1190.000000 
 42.921905 
 0.001924 
 2.561050 
 2.601774 
 37.759080 
1200.000000 
 42.856649 
 0.001523 
 2.587144 
 2.616583 
 37.652921 
1210.000000 
 42.812046 
 0.001042 
 2.607378 
 2.633916 
 37.570752 
1220.000000 
 42.784921 
 0.000634 
 2.616846 
 2.653991 
 37.514085 
1230.000000 
 42.758045 
 0.000629 
 2.630185 
 2.670113 
 37.457748 
1240.000000 
 42.662510 
 0.002239 
 2.677310 
 2.678966 
 37.306234 
1250.000000 
 42.579723 
 0.001944 
 2.714373 
 2.690509 
 37.174841 
1260.000000 
 42.512657 
 0.001578 
 2.743776 
 2.704175 
 37.064706 
1270.000000 
 42.462604 
 0.001179 
 2.765402 
 2.720012 
 36.977190 
1280.000000 
 42.431961 
 0.000722 
 2.779714 
 2.738491 
 36.913756 
1290.000000 
 42.420123 
 0.000279 
 2.784886 
 2.759308 
 36.875930 
1290.000000 
 42.420134 
 0.000000 
 2.785152 
 2.761366 
 36.873616 
1300.000000 
 42.336965 
 0.001964 
 2.832240 
 2.765561 
 36.739164 
1310.000000 
 42.254594 
 0.001949 
 2.872916 
 2.776343 
 36.605334 
1320.000000 
 42.186218 
 0.001621 
 2.905634 
 2.789065 
 36.491519 
1330.000000 
 42.133278 
 0.001256 
 2.930548 
 2.803732 
 36.398999 
1340.000000 
 42.097600 
 0.000848 
 2.947693 
 2.820732 
 36.329174 
1350.000000 
 42.080023 
 0.000418 
 2.956778 
 2.839717 
 36.283528 
1360.000000 
 42.034585 
 0.001081 
 2.986468 
 2.850770 
 36.197348 
1370.000000 
 41.953524 
 0.001932 
 3.031803 
 2.860756 
 36.060965 
1380.000000 
 41.884231 
 0.001654 
 3.068121 
 2.872668 
 35.943442 
1390.000000 
 41.828828 
 0.001325 
 3.096558 
 2.886326 
 35.845944 
1400.000000 
 41.788675 
 0.000961 
 3.117100 
 2.901773 
 35.769802 
1410.000000 
 41.765622 
 0.000552 
 3.129755 
 2.919428 
 35.716440 
1420.000000 
 41.750578 
 0.000360 
 3.139139 
 2.935143 
 35.676296 
1430.000000 
 41.672695 
 0.001869 
 3.191727 
 2.943598 
 35.537369 
1440.000000 
 41.603121 
 0.001672 
 3.232025 
 2.954834 
 35.416262 
1450.000000 
 41.545812 
 0.001379 
 3.264189 
 2.967648 
 35.313976 
1460.000000 
 41.502093 
 0.001053 
 3.288300 
 2.982035 
 35.231758 
1470.000000 
 41.473760 
 0.000683 
 3.304418 
 2.998376 
 35.170966 
1480.000000 
 41.461934 
 0.000285 
 3.312566 
 3.016320 
 35.133048 
1490.000000 
 41.417039 
 0.001084 
 3.347744 
 3.025985 
 35.043311 
1500.000000 
 41.348266 
 0.001663 
 3.393264 
 3.036470 
 34.918532 
1510.000000 
 41.289597 
 0.001421 
 3.429593 
 3.048545 
 34.811459 
1520.000000 
 41.243060 
 0.001128 
 3.457813 
 3.062018 
 34.723229 
1530.000000 
 41.209965 
 0.000803 
 3.477929 
 3.076911 
 34.655125 
1540.000000 
 41.191989 
 0.000436 
 3.489827 
 3.093630 
 34.608531 
1550.000000 
 41.167772 
 0.000588 
 3.511928 
 3.105835 
 34.550010 
1560.000000 
 41.101110 
 0.001622 
 3.563397 
 3.115481 
 34.422232 
1570.000000 
 41.042002 
 0.001440 
 3.603868 
 3.127024 
 34.311110 
1580.000000 
 40.993577 
 0.001181 
 3.636106 
 3.139809 
 34.217663 
1590.000000 
 40.957056 
 0.000892 
 3.660147 
 3.153808 
 34.143101 
1600.000000 
 40.934547 
 0.000550 
 3.676450 
 3.169354 
 34.088743 
1610.000000 
 40.919173 
 0.000376 
 3.689378 
 3.182891 
 34.046904 
1620.000000 
 40.855812 
 0.001551 
 3.747251 
 3.191624 
 33.916937 
1630.000000 
 40.797307 
 0.001434 
 3.791791 
 3.202882 
 33.802634 
1640.000000 
 40.748022 
 0.001209 
 3.827879 
 3.215239 
 33.704905 
1650.000000 
 40.709740 
 0.000940 
 3.856090 
 3.228766 
 33.624885 
1660.000000 
 40.683812 
 0.000637 
 3.876746 
 3.243239 
 33.563828 
1670.000000 
 40.669624 
 0.000349 
 3.887677 
 3.258869 
 33.523078 
1680.000000 
 40.644589 
 0.000616 
 3.915588 
 3.269687 
 33.459314 
1690.000000 
 40.588954 
 0.001371 
 3.967602 
 3.280083 
 33.341269 
1700.000000 
 40.539443 
 0.001221 
 4.008633 
 3.291972 
 33.238837 
1710.000000 
 40.498990 
 0.000999 
 4.041216 
 3.304758 
 33.153016 
1720.000000 
 40.468770 
 0.000747 
 4.065414 
 3.318384 
 33.084972 
1730.000000 
 40.450712 
 0.000446 
 4.081843 
 3.332892 
 33.035977 
1730.000000 
 40.451915 
 0.000030 
 4.085218 
 3.334520 
 33.032178 
1740.000000 
 40.399374 
 0.001301 
 4.142222 
 3.340201 
 32.916951 
1750.000000 
 40.344106 
 0.001370 
 4.194959 
 3.351335 
 32.797812 
1760.000000 
 40.295251 
 0.001212 
 4.238573 
 3.363470 
 32.693208 
1770.000000 
 40.254902 
 0.001002 
 4.274519 
 3.376250 
 32.604133 
1780.000000 
 40.223436 
 0.000782 
 4.302043 
 3.389688 
 32.531706 
1790.000000 
 40.202203 
 0.000528 
 4.321301 
 3.403758 
 32.477144 
1800.000000 
 40.191935 
 0.000255 
 4.331757 
 3.418424 
 32.441754 
1810.000000 
 40.172826 
 0.000476 
 4.359873 
 3.428934 
 32.384019 
1820.000000 
 40.128101 
 0.001115 
 4.413366 
 3.439961 
 32.274774 
1830.000000 
 40.087547 
 0.001012 
 4.455102 
 3.452252 
 32.180193 
1840.000000 
 40.054331 
 0.000829 
 4.488004 
 3.465100 
 32.101228 
1850.000000 
 40.029643 
 0.000617 
 4.512241 
 3.478404 
 32.038997 
1860.000000 
 40.014622 
 0.000375 
 4.527729 
 3.492169 
 31.994724 
1870.000000 
 39.982905 
 0.000793 
 4.579561 
 3.500993 
 31.902351 
1880.000000 
 39.938426 
 0.001114 
 4.634958 
 3.512598 
 31.790869 
1890.000000 
 39.898080 
 0.001011 
 4.679951 
 3.525093 
 31.693036 
1900.000000 
 39.864409 
 0.000845 
 4.716648 
 3.537982 
 31.609779 
1910.000000 
 39.838198 
 0.000658 
 4.744871 
 3.551166 
 31.542161 
1920.000000 
 39.820995 
 0.000432 
 4.765030 
 3.564622 
 31.491344 
1930.000000 
 39.811612 
 0.000236 
 4.774805 
 3.578225 
 31.458582 
1940.000000 
 39.789853 
 0.000547 
 4.817359 
 3.587651 
 31.384842 
1950.000000 
 39.752963 
 0.000928 
 4.870870 
 3.599481 
 31.282612 
1960.000000 
 39.719365 
 0.000846 
 4.913168 
 3.612114 
 31.194083 
1970.000000 
 39.691745 
 0.000696 
 4.946568 
 3.624989 
 31.120187 
1980.000000 
 39.671009 
 0.000523 
 4.971052 
 3.637960 
 31.061998 
1990.000000 
 39.658772 
 0.000309 
 4.986916 
 3.651168 
 31.020688 
2000.000000 
 39.634348 
 0.000616 
 5.040099 
 3.660378 
 30.933871 
2010.000000 
 39.598581 
 0.000903 
 5.097105 
 3.672535 
 30.828941 
2020.000000 
 39.565365 
 0.000840 
 5.143193 
 3.685391 
 30.736780 
2030.000000 
 39.537108 
 0.000715 
 5.180470 
 3.698370 
 30.658269 
2040.000000 
 39.514952 
 0.000561 
 5.209205 
 3.711331 
 30.594416 
2050.000000 
 39.500061 
 0.000377 
 5.229441 
 3.724293 
 30.546326 
2060.000000 
 39.492412 
 0.000194 
 5.240161 
 3.737050 
 30.515201 
2070.000000 
 39.483889 
 0.000216 
 5.263188 
 3.747096 
 30.473605 
2080.000000 
 39.456704 
 0.000689 
 5.321642 
 3.758707 
 30.376356 
2090.000000 
 39.429509 
 0.000690 
 5.366067 
 3.771475 
 30.291967 
2100.000000 
 39.406365 
 0.000587 
 5.400770 
 3.784309 
 30.221286 
2110.000000 
 39.388939 
 0.000442 
 5.426646 
 3.796974 
 30.165319 
2120.000000 
 39.365386 
 0.000598 
 5.493295 
 3.806625 
 30.065465 
2130.000000 
 39.333515 
 0.000810 
 5.557837 
 3.819630 
 29.956048 
2140.000000 
 39.306300 
 0.000692 
 5.612750 
 3.831626 
 29.861925 
2150.000000 
 39.274313 
 0.000814 
 5.709690 
 3.843834 
 29.720790 
2160.000000 
 39.238611 
 0.000910 
 5.792657 
 3.858395 
 29.587559 
2170.000000 
 39.202412 
 0.000923 
 5.865879 
 3.873843 
 29.462691 
2180.000000 
 39.167597 
 0.000889 
 5.931333 
 3.889526 
 29.346738 
2190.000000 
 39.135259 
 0.000826 
 5.989783 
 3.905144 
 29.240332 
2200.000000 
 39.105921 
 0.000750 
 6.041251 
 3.920492 
 29.144178 
2210.000000 
 39.086217 
 0.000504 
 6.106539 
 3.933516 
 29.046161 
2220.000000 
 39.063275 
 0.000587 
 6.197857 
 3.949036 
 28.916382 
2230.000000 
 39.039159 
 0.000618 
 6.278037 
 3.966645 
 28.794477 
2240.000000 
 39.011351 
 0.000713 
 6.346206 
 3.984208 
 28.680937 
2250.000000 
 38.995364 
 0.000410 
 6.437727 
 3.998669 
 28.558968 
2260.000000 
 38.977195 
 0.000466 
 6.539714 
 4.016615 
 28.420866 
2270.000000 
 38.955111 
 0.000567 
 6.630067 
 4.035853 
 28.289191 
2280.000000 
 38.931253 
 0.000613 
 6.711330 
 4.055593 
 28.164330 
2290.000000 
 38.907006 
 0.000623 
 6.784929 
 4.075345 
 28.046732 
2300.000000 
 38.883300 
 0.000610 
 6.851587 
 4.094812 
 27.936901 
2310.000000 
 38.877466 
 0.000150 
 6.883577 
 4.102250 
 27.891639 
2310.000000 
 38.879744 
 0.000059 
 6.901641 
 4.103936 
 27.874167 
2320.000000 
 38.877466 
 0.000059 
 6.883577 
 4.102250 
 27.891639 
2320.000000 
 38.879976 
 0.000065 
 6.902007 
 4.103925 
 27.874044 
